{
  "stats": {
    "suites": 1,
    "tests": 10,
    "passes": 8,
    "pending": 0,
    "failures": 2,
    "start": "2024-02-29T14:03:36.993Z",
    "end": "2024-02-29T14:05:30.807Z",
    "duration": 113814,
    "testsRegistered": 10,
    "passPercent": 80,
    "pendingPercent": 0,
    "other": 0,
    "hasOther": false,
    "skipped": 0,
    "hasSkipped": false
  },
  "results": [
    {
      "uuid": "fd67e16d-01fe-49f6-8fe8-367bc2e1b390",
      "title": "",
      "fullFile": "cypress\\e2e\\1-Belajar\\Karis\\Sign_up.cy.js",
      "file": "cypress\\e2e\\1-Belajar\\Karis\\Sign_up.cy.js",
      "beforeHooks": [],
      "afterHooks": [],
      "tests": [],
      "suites": [
        {
          "uuid": "0ee31fe9-7ea9-4d9e-9313-3f316f9c43be",
          "title": "User Registration Test Suite",
          "fullFile": "",
          "file": "",
          "beforeHooks": [],
          "afterHooks": [],
          "tests": [
            {
              "title": "TC-1_Verifikasi dapat membuat akun untuk masuk_(POSITIVE)",
              "fullTitle": "User Registration Test Suite TC-1_Verifikasi dapat membuat akun untuk masuk_(POSITIVE)",
              "timedOut": null,
              "duration": 17612,
              "state": "failed",
              "speed": null,
              "pass": false,
              "fail": true,
              "pending": false,
              "context": null,
              "code": "const randomEmail = `test${Math.floor(Math.random() * 100000)}@example.com`;\ncy.get(_account.default.first).type(_userData.default.validUser.firstName);\ncy.get(_account.default.last).type(_userData.default.validUser.lastName);\ncy.get(_account.default.email).type(_userData.default.validUser.email);\ncy.get(_account.default.paswd).type(_userData.default.validUser.password, {\n  sensitive: true\n});\ncy.get(_account.default.paswdConfirm).type(_userData.default.validUser.password);\ncy.get(submit).click();\ncy.get(_account.default.successMessageRegist).should(\"be.visible\").should(\"contain\", _messageData.default.registerSuccess);",
              "err": {
                "message": "AssertionError: Timed out retrying after 4000ms: Expected to find element: `.message-success > div`, but never found it.",
                "estack": "AssertionError: Timed out retrying after 4000ms: Expected to find element: `.message-success > div`, but never found it.\n    at Context.eval (webpack://belajar_rabu_cypress/./cypress/e2e/1-Belajar/Karis/Sign_up.cy.js:31:7)\n    at runnable.fn (https://magento.softwaretestingboard.com/__cypress/runner/cypress_runner.js:138559:19)\n    at callFn (https://magento.softwaretestingboard.com/__cypress/runner/cypress_runner.js:157151:21)\n    at Runnable.run (https://magento.softwaretestingboard.com/__cypress/runner/cypress_runner.js:157138:7)\n    at <unknown> (https://magento.softwaretestingboard.com/__cypress/runner/cypress_runner.js:163062:30)\n    at PassThroughHandlerContext.finallyHandler (https://magento.softwaretestingboard.com/__cypress/runner/cypress_runner.js:4072:23)\n    at PassThroughHandlerContext.tryCatcher (https://magento.softwaretestingboard.com/__cypress/runner/cypress_runner.js:1807:23)\n    at Promise._settlePromiseFromHandler (https://magento.softwaretestingboard.com/__cypress/runner/cypress_runner.js:1519:31)",
                "diff": null
              },
              "uuid": "a5c40f2d-b837-48c8-a8de-33fb0bccc7c1",
              "parentUUID": "0ee31fe9-7ea9-4d9e-9313-3f316f9c43be",
              "isHook": false,
              "skipped": false
            },
            {
              "title": "TC-2_Verifikasi tidak dapat membuat akun untuk masuk dengan invalid email_(NEGATIVE)",
              "fullTitle": "User Registration Test Suite TC-2_Verifikasi tidak dapat membuat akun untuk masuk dengan invalid email_(NEGATIVE)",
              "timedOut": null,
              "duration": 9036,
              "state": "passed",
              "speed": "medium",
              "pass": true,
              "fail": false,
              "pending": false,
              "context": null,
              "code": "const randomEmail = `test${Math.floor(Math.random() * 100000)}@example.com`;\ncy.get(_account.default.first).type(_userData.default.invalidUser1.firstName);\ncy.get(_account.default.last).type(_userData.default.invalidUser1.lastName);\ncy.get(_account.default.email).type(randomEmail);\ncy.get(_account.default.paswd).type(_userData.default.invalidUser1.password, {\n  sensitive: true\n});\ncy.get(_account.default.paswdConfirm).type(\"differentpassword\");\ncy.get(submit).click();\ncy.get(_account.default.ConfirmError).should(\"be.visible\").should(\"contain\", _messageData.default.passwordConfirmError);",
              "err": {},
              "uuid": "2039de89-852b-470b-a693-bd930e092c91",
              "parentUUID": "0ee31fe9-7ea9-4d9e-9313-3f316f9c43be",
              "isHook": false,
              "skipped": false
            },
            {
              "title": "TC-3_Verifikasi tidak dapat membuat akun untuk masuk dengan password hanya huruf_(NEGATIVE)",
              "fullTitle": "User Registration Test Suite TC-3_Verifikasi tidak dapat membuat akun untuk masuk dengan password hanya huruf_(NEGATIVE)",
              "timedOut": null,
              "duration": 16838,
              "state": "passed",
              "speed": "slow",
              "pass": true,
              "fail": false,
              "pending": false,
              "context": null,
              "code": "const randomEmail = `test${Math.floor(Math.random() * 100000)}@example.com`;\ncy.get(_account.default.first).type(_userData.default.invalidUser2.firstName);\ncy.get(_account.default.last).type(_userData.default.invalidUser2.lastName);\ncy.get(_account.default.email).type(randomEmail);\ncy.get(_account.default.paswd).type(_userData.default.invalidUser2.password, {\n  sensitive: true\n});\ncy.get(_account.default.paswdConfirm).type(_userData.default.invalidUser2.password);\ncy.get(_account.default.InvalidFormat).should(\"be.visible\").should(\"contain\", _messageData.default.password2);",
              "err": {},
              "uuid": "c0ece546-a9b6-4ec4-9cbe-3928af36c8e8",
              "parentUUID": "0ee31fe9-7ea9-4d9e-9313-3f316f9c43be",
              "isHook": false,
              "skipped": false
            },
            {
              "title": "TC-4_Verifikasi tidak dapat membuat akun untuk masuk dengan password hanya angka_(NEGATIVE)",
              "fullTitle": "User Registration Test Suite TC-4_Verifikasi tidak dapat membuat akun untuk masuk dengan password hanya angka_(NEGATIVE)",
              "timedOut": null,
              "duration": 8126,
              "state": "passed",
              "speed": "medium",
              "pass": true,
              "fail": false,
              "pending": false,
              "context": null,
              "code": "const randomEmail = `test${Math.floor(Math.random() * 100000)}@example.com`;\ncy.get(_account.default.first).type(_userData.default.invalidUser3.firstName);\ncy.get(_account.default.last).type(_userData.default.invalidUser3.lastName);\ncy.get(_account.default.email).type(randomEmail);\ncy.get(_account.default.paswd).type(_userData.default.invalidUser3.password, {\n  sensitive: true\n});\ncy.get(_account.default.paswdConfirm).type(_userData.default.invalidUser3.password, {\n  sensitive: true\n});\ncy.get(submit).click();\ncy.get(_account.default.InvalidFormat).should(\"be.visible\").should(\"contain\", _messageData.default.password2);",
              "err": {},
              "uuid": "d23c2743-362c-48e3-9b03-9e1830ad5cc5",
              "parentUUID": "0ee31fe9-7ea9-4d9e-9313-3f316f9c43be",
              "isHook": false,
              "skipped": false
            },
            {
              "title": "TC-5_Verifikasi tidak dapat membuat akun untuk masuk dengan password dengan symbol_(NEGATIVE)",
              "fullTitle": "User Registration Test Suite TC-5_Verifikasi tidak dapat membuat akun untuk masuk dengan password dengan symbol_(NEGATIVE)",
              "timedOut": null,
              "duration": 7804,
              "state": "passed",
              "speed": "medium",
              "pass": true,
              "fail": false,
              "pending": false,
              "context": null,
              "code": "const randomEmail = `test${Math.floor(Math.random() * 100000)}@example.com`;\ncy.get(_account.default.first).type(_userData.default.invalidUser4.firstName);\ncy.get(_account.default.last).type(_userData.default.invalidUser4.lastName);\ncy.get(_account.default.email).type(randomEmail);\ncy.get(_account.default.paswd).type(_userData.default.invalidUser4.password, {\n  sensitive: true\n});\ncy.get(_account.default.paswdConfirm).type(_userData.default.invalidUser4.password, {\n  sensitive: true\n});\ncy.get(submit).click();\ncy.get(_account.default.InvalidFormat).should(\"be.visible\").should(\"contain\", _messageData.default.password2);",
              "err": {},
              "uuid": "84692f04-05bb-4b3f-aa91-2ee235a7fa8f",
              "parentUUID": "0ee31fe9-7ea9-4d9e-9313-3f316f9c43be",
              "isHook": false,
              "skipped": false
            },
            {
              "title": "TC-6_Verifikasi tidak dapat membuat akun untuk masuk dengan password dengan kombinasi huruf dan angka_(NEGATIVE)",
              "fullTitle": "User Registration Test Suite TC-6_Verifikasi tidak dapat membuat akun untuk masuk dengan password dengan kombinasi huruf dan angka_(NEGATIVE)",
              "timedOut": null,
              "duration": 6988,
              "state": "passed",
              "speed": "medium",
              "pass": true,
              "fail": false,
              "pending": false,
              "context": null,
              "code": "const randomEmail = `test${Math.floor(Math.random() * 100000)}@example.com`;\ncy.get(_account.default.first).type(_userData.default.invalidUser5.firstName);\ncy.get(_account.default.last).type(_userData.default.invalidUser5.lastName);\ncy.get(_account.default.email).type(randomEmail);\ncy.get(_account.default.paswd).type(_userData.default.invalidUser5.password, {\n  sensitive: true\n});\ncy.get(_account.default.paswdConfirm).type(_userData.default.invalidUser5.password, {\n  sensitive: true\n});\ncy.get(submit).click();\ncy.get(_account.default.InvalidFormat).should(\"be.visible\").should(\"contain\", _messageData.default.password2);",
              "err": {},
              "uuid": "68b4e6f3-0955-49f2-8a7b-62dfb42bb708",
              "parentUUID": "0ee31fe9-7ea9-4d9e-9313-3f316f9c43be",
              "isHook": false,
              "skipped": false
            },
            {
              "title": "TC-7_Verifikasi tidak dapat membuat akun untuk masuk dengan password dengan kombinasi huruf dan symbol_(NEGATIVE)",
              "fullTitle": "User Registration Test Suite TC-7_Verifikasi tidak dapat membuat akun untuk masuk dengan password dengan kombinasi huruf dan symbol_(NEGATIVE)",
              "timedOut": null,
              "duration": 7926,
              "state": "passed",
              "speed": "medium",
              "pass": true,
              "fail": false,
              "pending": false,
              "context": null,
              "code": "const randomEmail = `test${Math.floor(Math.random() * 100000)}@example.com`;\ncy.get(_account.default.first).type(_userData.default.invalidUser6.firstName);\ncy.get(_account.default.last).type(_userData.default.invalidUser6.lastName);\ncy.get(_account.default.email).type(randomEmail);\ncy.get(_account.default.paswd).type(_userData.default.invalidUser6.password, {\n  sensitive: true\n});\ncy.get(_account.default.paswdConfirm).type(_userData.default.invalidUser6.password, {\n  sensitive: true\n});\ncy.get(submit).click();\ncy.get(_account.default.InvalidFormat).should(\"be.visible\").should(\"contain\", _messageData.default.password1);",
              "err": {},
              "uuid": "02911ed1-1677-4362-88e4-1d9b1aa31178",
              "parentUUID": "0ee31fe9-7ea9-4d9e-9313-3f316f9c43be",
              "isHook": false,
              "skipped": false
            },
            {
              "title": "TC-8_Verifikasi tidak dapat membuat akun untuk masuk dengan password dengan kombinasi angka dan symbol_(NEGATIVE)",
              "fullTitle": "User Registration Test Suite TC-8_Verifikasi tidak dapat membuat akun untuk masuk dengan password dengan kombinasi angka dan symbol_(NEGATIVE)",
              "timedOut": null,
              "duration": 7169,
              "state": "passed",
              "speed": "medium",
              "pass": true,
              "fail": false,
              "pending": false,
              "context": null,
              "code": "const randomEmail = `test${Math.floor(Math.random() * 100000)}@example.com`;\ncy.get(_account.default.first).type(_userData.default.invalidUser7.firstName);\ncy.get(_account.default.last).type(_userData.default.invalidUser7.lastName);\ncy.get(_account.default.email).type(randomEmail);\ncy.get(_account.default.paswd).type(_userData.default.invalidUser7.password, {\n  sensitive: true\n});\ncy.get(_account.default.paswdConfirm).type(_userData.default.invalidUser7.password, {\n  sensitive: true\n});\ncy.get(submit).click();\ncy.get(_account.default.InvalidFormat).should(\"be.visible\").should(\"contain\", _messageData.default.password2);",
              "err": {},
              "uuid": "5c556269-8013-4b95-9bef-227a7416a5c3",
              "parentUUID": "0ee31fe9-7ea9-4d9e-9313-3f316f9c43be",
              "isHook": false,
              "skipped": false
            },
            {
              "title": "TC-9_Verifikasi tidak dapat membuat akun untuk masuk jika semua kolom kosong_(NEGATIVE)",
              "fullTitle": "User Registration Test Suite TC-9_Verifikasi tidak dapat membuat akun untuk masuk jika semua kolom kosong_(NEGATIVE)",
              "timedOut": null,
              "duration": 12074,
              "state": "passed",
              "speed": "slow",
              "pass": true,
              "fail": false,
              "pending": false,
              "context": null,
              "code": "cy.get(submit).click();\ncy.get(\"#form-validate\").should(\"be.visible\");",
              "err": {},
              "uuid": "4fe7049d-6386-4d58-aca5-08dbd832035e",
              "parentUUID": "0ee31fe9-7ea9-4d9e-9313-3f316f9c43be",
              "isHook": false,
              "skipped": false
            },
            {
              "title": "TC-10_Verifikasi tidak dapat membuat akun jika email sudah terdaftar_(NEGATIVE)",
              "fullTitle": "User Registration Test Suite TC-10_Verifikasi tidak dapat membuat akun jika email sudah terdaftar_(NEGATIVE)",
              "timedOut": null,
              "duration": 13157,
              "state": "failed",
              "speed": null,
              "pass": false,
              "fail": true,
              "pending": false,
              "context": null,
              "code": "cy.get(_account.default.first).type(_userData.default.validUser.firstName);\ncy.get(_account.default.last).type(_userData.default.validUser.lastName);\ncy.get(_account.default.email).type(_userData.default.validUser.email);\ncy.get(_account.default.paswd).type(_userData.default.validUser.password, {\n  sensitive: true\n});\ncy.get(_account.default.paswdConfirm).type(_userData.default.validUser.password, {\n  sensitive: true\n});\ncy.get(submit).click();\ncy.get(\".message-error\").should(\"be.visible\").should(\"contain\", _messageData.default.registerError3);",
              "err": {
                "message": "AssertionError: Timed out retrying after 4000ms: expected '<div.message-error.error.message>' to contain undefined",
                "estack": "AssertionError: Timed out retrying after 4000ms: expected '<div.message-error.error.message>' to contain undefined\n    at Context.eval (webpack://belajar_rabu_cypress/./cypress/e2e/1-Belajar/Karis/Sign_up.cy.js:167:7)\n    at runnable.fn (https://magento.softwaretestingboard.com/__cypress/runner/cypress_runner.js:138559:19)\n    at callFn (https://magento.softwaretestingboard.com/__cypress/runner/cypress_runner.js:157151:21)\n    at Runnable.run (https://magento.softwaretestingboard.com/__cypress/runner/cypress_runner.js:157138:7)\n    at <unknown> (https://magento.softwaretestingboard.com/__cypress/runner/cypress_runner.js:163062:30)\n    at PassThroughHandlerContext.finallyHandler (https://magento.softwaretestingboard.com/__cypress/runner/cypress_runner.js:4072:23)\n    at PassThroughHandlerContext.tryCatcher (https://magento.softwaretestingboard.com/__cypress/runner/cypress_runner.js:1807:23)\n    at Promise._settlePromiseFromHandler (https://magento.softwaretestingboard.com/__cypress/runner/cypress_runner.js:1519:31)",
                "diff": null
              },
              "uuid": "9d3f1953-c9fb-4f43-8d5a-401ab1654df9",
              "parentUUID": "0ee31fe9-7ea9-4d9e-9313-3f316f9c43be",
              "isHook": false,
              "skipped": false
            }
          ],
          "suites": [],
          "passes": [
            "2039de89-852b-470b-a693-bd930e092c91",
            "c0ece546-a9b6-4ec4-9cbe-3928af36c8e8",
            "d23c2743-362c-48e3-9b03-9e1830ad5cc5",
            "84692f04-05bb-4b3f-aa91-2ee235a7fa8f",
            "68b4e6f3-0955-49f2-8a7b-62dfb42bb708",
            "02911ed1-1677-4362-88e4-1d9b1aa31178",
            "5c556269-8013-4b95-9bef-227a7416a5c3",
            "4fe7049d-6386-4d58-aca5-08dbd832035e"
          ],
          "failures": [
            "a5c40f2d-b837-48c8-a8de-33fb0bccc7c1",
            "9d3f1953-c9fb-4f43-8d5a-401ab1654df9"
          ],
          "pending": [],
          "skipped": [],
          "duration": 106730,
          "root": false,
          "rootEmpty": false,
          "_timeout": 2000
        }
      ],
      "passes": [],
      "failures": [],
      "pending": [],
      "skipped": [],
      "duration": 0,
      "root": true,
      "rootEmpty": true,
      "_timeout": 2000
    }
  ],
  "meta": {
    "mocha": {
      "version": "7.0.1"
    },
    "mochawesome": {
      "options": {
        "quiet": false,
        "reportFilename": "mochawesome",
        "saveHtml": true,
        "saveJson": true,
        "consoleReporter": "spec",
        "useInlineDiffs": false,
        "code": true
      },
      "version": "7.1.3"
    },
    "marge": {
      "options": {
        "overwrite": true,
        "html": true,
        "json": true,
        "embeddedScreenshots": true,
        "charts": true
      },
      "version": "6.2.0"
    }
  }
}