{
  "stats": {
    "suites": 1,
    "tests": 3,
    "passes": 3,
    "pending": 0,
    "failures": 0,
    "start": "2024-05-04T01:30:18.317Z",
    "end": "2024-05-04T01:30:20.010Z",
    "duration": 1693,
    "testsRegistered": 3,
    "passPercent": 100,
    "pendingPercent": 0,
    "other": 0,
    "hasOther": false,
    "skipped": 0,
    "hasSkipped": false
  },
  "results": [
    {
      "uuid": "e517c29f-ca8f-4c3f-86ce-df518b8aa655",
      "title": "",
      "fullFile": "cypress\\e2e\\1-Belajar\\karis\\Non_FT\\API.cy.js",
      "file": "cypress\\e2e\\1-Belajar\\karis\\Non_FT\\API.cy.js",
      "beforeHooks": [],
      "afterHooks": [],
      "tests": [],
      "suites": [
        {
          "uuid": "28ffe17e-dd15-4de5-9725-c2e2806241f5",
          "title": "Magento API Test Suite",
          "fullFile": "",
          "file": "",
          "beforeHooks": [],
          "afterHooks": [],
          "tests": [
            {
              "title": "1. Should retrieve product details",
              "fullTitle": "Magento API Test Suite 1. Should retrieve product details",
              "timedOut": null,
              "duration": 789,
              "state": "passed",
              "speed": "fast",
              "pass": true,
              "fail": false,
              "pending": false,
              "context": null,
              "code": "cy.request({\n  method: \"GET\",\n  url: \"https://magento.softwaretestingboard.com/rest/default/V1/products\",\n  failOnStatusCode: false,\n  headers: {\n    Authorization: \"Bearer cdxf96vcah8pbivc3zzrshd8t15ikua5\"\n  }\n}).then(response => {\n  if (response.status === 200) {\n    expect(response.status).to.eq(200);\n    expect(response.body).to.be.an(\"array\").and.not.to.be.empty;\n  } else if (response.status === 401) {\n    cy.log(\"Unauthorized: The request lacks proper authentication or authorization credentials\");\n    expect(response.status).to.eq(401, \"Expected status code to be 401\");\n  } else {\n    cy.log(`Request failed with status code ${response.status}`);\n    expect(response.status).to.eq(200, \"Expected status code to be 200\");\n  }\n});",
              "err": {},
              "uuid": "d9445bf2-b1e6-46bf-a0ad-e1b78703235f",
              "parentUUID": "28ffe17e-dd15-4de5-9725-c2e2806241f5",
              "isHook": false,
              "skipped": false
            },
            {
              "title": "2. Should retrieve user information",
              "fullTitle": "Magento API Test Suite 2. Should retrieve user information",
              "timedOut": null,
              "duration": 412,
              "state": "passed",
              "speed": "fast",
              "pass": true,
              "fail": false,
              "pending": false,
              "context": null,
              "code": "cy.request({\n  method: \"GET\",\n  url: \"https://magento.softwaretestingboard.com/rest/default/V1/me\",\n  failOnStatusCode: false\n}).then(response => {\n  if (response.status === 200) {\n    expect(response.status).to.eq(200);\n    // Add assertions for user information if needed\n  } else if (response.status === 404) {\n    cy.log(\"User information endpoint not found\");\n    expect(response.status).to.eq(404, \"Expected status code to be 404\");\n  } else {\n    cy.log(`Request failed with status code ${response.status}`);\n    expect(response.status).to.eq(200, \"Expected status code to be 200\");\n  }\n});",
              "err": {},
              "uuid": "92ac8d58-6e72-4341-b68a-a4fb475edee9",
              "parentUUID": "28ffe17e-dd15-4de5-9725-c2e2806241f5",
              "isHook": false,
              "skipped": false
            },
            {
              "title": "3. Search Products",
              "fullTitle": "Magento API Test Suite 3. Search Products",
              "timedOut": null,
              "duration": 442,
              "state": "passed",
              "speed": "fast",
              "pass": true,
              "fail": false,
              "pending": false,
              "context": null,
              "code": "const keyword = \"T-shirt\";\ncy.request({\n  method: \"GET\",\n  url: `https://magento.softwaretestingboard.com/rest/V1/products?searchCriteria[searchString]=${keyword}`,\n  failOnStatusCode: false\n}).then(response => {\n  if (response.status === 200) {\n    expect(response.status).to.eq(200);\n    expect(response.body).to.have.property(\"items\").and.to.be.an(\"array\");\n  } else if (response.status === 401) {\n    cy.log(\"Unauthorized: The request lacks proper authentication or authorization credentials\");\n    expect(response.status).to.eq(401, \"Expected status code to be 401\");\n  } else {\n    cy.log(`Request failed with status code ${response.status}`);\n    expect(response.status).to.eq(200, \"Expected status code to be 200\");\n  }\n});",
              "err": {},
              "uuid": "7a944c36-8c9b-4177-9a93-ec482745928d",
              "parentUUID": "28ffe17e-dd15-4de5-9725-c2e2806241f5",
              "isHook": false,
              "skipped": false
            }
          ],
          "suites": [],
          "passes": [
            "d9445bf2-b1e6-46bf-a0ad-e1b78703235f",
            "92ac8d58-6e72-4341-b68a-a4fb475edee9",
            "7a944c36-8c9b-4177-9a93-ec482745928d"
          ],
          "failures": [],
          "pending": [],
          "skipped": [],
          "duration": 1643,
          "root": false,
          "rootEmpty": false,
          "_timeout": 2000
        }
      ],
      "passes": [],
      "failures": [],
      "pending": [],
      "skipped": [],
      "duration": 0,
      "root": true,
      "rootEmpty": true,
      "_timeout": 2000
    }
  ],
  "meta": {
    "mocha": {
      "version": "7.0.1"
    },
    "mochawesome": {
      "options": {
        "quiet": false,
        "reportFilename": "mochawesome",
        "saveHtml": true,
        "saveJson": true,
        "consoleReporter": "spec",
        "useInlineDiffs": false,
        "code": true
      },
      "version": "7.1.3"
    },
    "marge": {
      "options": {
        "reporterEnabled": "mochawesome",
        "mochawesomeReporterOptions": {
          "reportDir": "cypress/reports",
          "quiet": true,
          "overwrite": true,
          "html": true,
          "json": true,
          "embeddedScreenshots": true,
          "charts": true,
          "reportPageTitle": "Cypress Inline Report",
          "inlineAssets": true
        }
      },
      "version": "6.2.0"
    }
  }
}